{"C:\\tfs\\git\\payment-backoffice-ui\\src\\configureStore.js": {"path":"C:\\tfs\\git\\payment-backoffice-ui\\src\\configureStore.js","statementMap":{"0":{"start":{"line":7,"column":23},"end":{"line":7,"column":45}},"1":{"start":{"line":8,"column":23},"end":{"line":19,"column":1}},"2":{"start":{"line":10,"column":21},"end":{"line":10,"column":37}},"3":{"start":{"line":11,"column":20},"end":{"line":14,"column":3}},"4":{"start":{"line":13,"column":65},"end":{"line":13,"column":66}},"5":{"start":{"line":16,"column":16},"end":{"line":16,"column":48}},"6":{"start":{"line":17,"column":2},"end":{"line":17,"column":32}},"7":{"start":{"line":18,"column":2},"end":{"line":18,"column":15}}},"fnMap":{"0":{"name":"(anonymous_0)","decl":{"start":{"line":8,"column":23},"end":{"line":8,"column":24}},"loc":{"start":{"line":8,"column":29},"end":{"line":19,"column":1}},"line":8},"1":{"name":"(anonymous_1)","decl":{"start":{"line":13,"column":60},"end":{"line":13,"column":61}},"loc":{"start":{"line":13,"column":65},"end":{"line":13,"column":66}},"line":13}},"branchMap":{"0":{"loc":{"start":{"line":13,"column":4},"end":{"line":13,"column":66}},"type":"cond-expr","locations":[{"start":{"line":13,"column":31},"end":{"line":13,"column":57}},{"start":{"line":13,"column":60},"end":{"line":13,"column":66}}],"line":13}},"s":{"0":0,"1":0,"2":0,"3":0,"4":0,"5":0,"6":0,"7":0},"f":{"0":0,"1":0},"b":{"0":[0,0]},"hash":"26300717e45135296421cd1e54d328cb52090730"}
,"C:\\tfs\\git\\payment-backoffice-ui\\src\\index.js": {"path":"C:\\tfs\\git\\payment-backoffice-ui\\src\\index.js","statementMap":{"0":{"start":{"line":9,"column":14},"end":{"line":9,"column":30}},"1":{"start":{"line":10,"column":0},"end":{"line":15,"column":2}},"2":{"start":{"line":17,"column":0},"end":{"line":17,"column":24}}},"fnMap":{},"branchMap":{},"s":{"0":0,"1":0,"2":0},"f":{},"b":{},"hash":"a464e4a6bdeedb5dce3dafdc2b16d8e10d14fad9"}
,"C:\\tfs\\git\\payment-backoffice-ui\\src\\reducer.js": {"path":"C:\\tfs\\git\\payment-backoffice-ui\\src\\reducer.js","statementMap":{},"fnMap":{},"branchMap":{},"s":{},"f":{},"b":{},"hash":"441158b11b35ffd291d5af87eadb92204433689b"}
,"C:\\tfs\\git\\payment-backoffice-ui\\src\\registerServiceWorker.js": {"path":"C:\\tfs\\git\\payment-backoffice-ui\\src\\registerServiceWorker.js","statementMap":{"0":{"start":{"line":11,"column":20},"end":{"line":17,"column":1}},"1":{"start":{"line":20,"column":2},"end":{"line":51,"column":13}},"2":{"start":{"line":24,"column":6},"end":{"line":44,"column":8}},"3":{"start":{"line":25,"column":33},"end":{"line":25,"column":56}},"4":{"start":{"line":26,"column":8},"end":{"line":43,"column":10}},"5":{"start":{"line":27,"column":10},"end":{"line":42,"column":11}},"6":{"start":{"line":28,"column":12},"end":{"line":41,"column":13}},"7":{"start":{"line":56,"column":2},"end":{"line":74,"column":13}},"8":{"start":{"line":59,"column":6},"end":{"line":69,"column":7}},"9":{"start":{"line":61,"column":8},"end":{"line":65,"column":11}},"10":{"start":{"line":62,"column":10},"end":{"line":64,"column":13}},"11":{"start":{"line":63,"column":12},"end":{"line":63,"column":37}},"12":{"start":{"line":68,"column":8},"end":{"line":68,"column":31}},"13":{"start":{"line":78,"column":2},"end":{"line":109,"column":3}},"14":{"start":{"line":80,"column":22},"end":{"line":80,"column":70}},"15":{"start":{"line":81,"column":4},"end":{"line":86,"column":5}},"16":{"start":{"line":85,"column":6},"end":{"line":85,"column":13}},"17":{"start":{"line":88,"column":4},"end":{"line":108,"column":7}},"18":{"start":{"line":89,"column":20},"end":{"line":89,"column":65}},"19":{"start":{"line":91,"column":6},"end":{"line":107,"column":7}},"20":{"start":{"line":93,"column":8},"end":{"line":93,"column":39}},"21":{"start":{"line":97,"column":8},"end":{"line":103,"column":11}},"22":{"start":{"line":106,"column":8},"end":{"line":106,"column":31}},"23":{"start":{"line":113,"column":2},"end":{"line":117,"column":3}},"24":{"start":{"line":114,"column":4},"end":{"line":116,"column":7}},"25":{"start":{"line":115,"column":6},"end":{"line":115,"column":32}}},"fnMap":{"0":{"name":"registerValidSW","decl":{"start":{"line":19,"column":9},"end":{"line":19,"column":24}},"loc":{"start":{"line":19,"column":32},"end":{"line":52,"column":1}},"line":19},"1":{"name":"(anonymous_1)","decl":{"start":{"line":22,"column":10},"end":{"line":22,"column":11}},"loc":{"start":{"line":22,"column":26},"end":{"line":45,"column":5}},"line":22},"2":{"name":"(anonymous_2)","decl":{"start":{"line":24,"column":35},"end":{"line":24,"column":36}},"loc":{"start":{"line":24,"column":41},"end":{"line":44,"column":7}},"line":24},"3":{"name":"(anonymous_3)","decl":{"start":{"line":26,"column":41},"end":{"line":26,"column":42}},"loc":{"start":{"line":26,"column":47},"end":{"line":43,"column":9}},"line":26},"4":{"name":"checkValidServiceWorker","decl":{"start":{"line":54,"column":9},"end":{"line":54,"column":32}},"loc":{"start":{"line":54,"column":40},"end":{"line":75,"column":1}},"line":54},"5":{"name":"(anonymous_5)","decl":{"start":{"line":57,"column":10},"end":{"line":57,"column":11}},"loc":{"start":{"line":57,"column":22},"end":{"line":70,"column":5}},"line":57},"6":{"name":"(anonymous_6)","decl":{"start":{"line":61,"column":43},"end":{"line":61,"column":44}},"loc":{"start":{"line":61,"column":59},"end":{"line":65,"column":9}},"line":61},"7":{"name":"(anonymous_7)","decl":{"start":{"line":62,"column":41},"end":{"line":62,"column":42}},"loc":{"start":{"line":62,"column":47},"end":{"line":64,"column":11}},"line":62},"8":{"name":"register","decl":{"start":{"line":77,"column":24},"end":{"line":77,"column":32}},"loc":{"start":{"line":77,"column":35},"end":{"line":110,"column":1}},"line":77},"9":{"name":"(anonymous_9)","decl":{"start":{"line":88,"column":36},"end":{"line":88,"column":37}},"loc":{"start":{"line":88,"column":42},"end":{"line":108,"column":5}},"line":88},"10":{"name":"(anonymous_10)","decl":{"start":{"line":97,"column":43},"end":{"line":97,"column":44}},"loc":{"start":{"line":97,"column":49},"end":{"line":103,"column":9}},"line":97},"11":{"name":"unregister","decl":{"start":{"line":112,"column":16},"end":{"line":112,"column":26}},"loc":{"start":{"line":112,"column":29},"end":{"line":118,"column":1}},"line":112},"12":{"name":"(anonymous_12)","decl":{"start":{"line":114,"column":39},"end":{"line":114,"column":40}},"loc":{"start":{"line":114,"column":55},"end":{"line":116,"column":5}},"line":114}},"branchMap":{"0":{"loc":{"start":{"line":12,"column":2},"end":{"line":16,"column":92}},"type":"binary-expr","locations":[{"start":{"line":12,"column":2},"end":{"line":12,"column":42}},{"start":{"line":14,"column":4},"end":{"line":14,"column":40}},{"start":{"line":16,"column":4},"end":{"line":16,"column":92}}],"line":12},"1":{"loc":{"start":{"line":27,"column":10},"end":{"line":42,"column":11}},"type":"if","locations":[{"start":{"line":27,"column":10},"end":{"line":42,"column":11}},{"start":{"line":27,"column":10},"end":{"line":42,"column":11}}],"line":27},"2":{"loc":{"start":{"line":28,"column":12},"end":{"line":41,"column":13}},"type":"if","locations":[{"start":{"line":28,"column":12},"end":{"line":41,"column":13}},{"start":{"line":28,"column":12},"end":{"line":41,"column":13}}],"line":28},"3":{"loc":{"start":{"line":59,"column":6},"end":{"line":69,"column":7}},"type":"if","locations":[{"start":{"line":59,"column":6},"end":{"line":69,"column":7}},{"start":{"line":59,"column":6},"end":{"line":69,"column":7}}],"line":59},"4":{"loc":{"start":{"line":59,"column":10},"end":{"line":59,"column":102}},"type":"binary-expr","locations":[{"start":{"line":59,"column":10},"end":{"line":59,"column":33}},{"start":{"line":59,"column":37},"end":{"line":59,"column":102}}],"line":59},"5":{"loc":{"start":{"line":78,"column":2},"end":{"line":109,"column":3}},"type":"if","locations":[{"start":{"line":78,"column":2},"end":{"line":109,"column":3}},{"start":{"line":78,"column":2},"end":{"line":109,"column":3}}],"line":78},"6":{"loc":{"start":{"line":78,"column":6},"end":{"line":78,"column":75}},"type":"binary-expr","locations":[{"start":{"line":78,"column":6},"end":{"line":78,"column":43}},{"start":{"line":78,"column":47},"end":{"line":78,"column":75}}],"line":78},"7":{"loc":{"start":{"line":81,"column":4},"end":{"line":86,"column":5}},"type":"if","locations":[{"start":{"line":81,"column":4},"end":{"line":86,"column":5}},{"start":{"line":81,"column":4},"end":{"line":86,"column":5}}],"line":81},"8":{"loc":{"start":{"line":91,"column":6},"end":{"line":107,"column":7}},"type":"if","locations":[{"start":{"line":91,"column":6},"end":{"line":107,"column":7}},{"start":{"line":91,"column":6},"end":{"line":107,"column":7}}],"line":91},"9":{"loc":{"start":{"line":113,"column":2},"end":{"line":117,"column":3}},"type":"if","locations":[{"start":{"line":113,"column":2},"end":{"line":117,"column":3}},{"start":{"line":113,"column":2},"end":{"line":117,"column":3}}],"line":113}},"s":{"0":0,"1":0,"2":0,"3":0,"4":0,"5":0,"6":0,"7":0,"8":0,"9":0,"10":0,"11":0,"12":0,"13":0,"14":0,"15":0,"16":0,"17":0,"18":0,"19":0,"20":0,"21":0,"22":0,"23":0,"24":0,"25":0},"f":{"0":0,"1":0,"2":0,"3":0,"4":0,"5":0,"6":0,"7":0,"8":0,"9":0,"10":0,"11":0,"12":0},"b":{"0":[0,0,0],"1":[0,0],"2":[0,0],"3":[0,0],"4":[0,0],"5":[0,0],"6":[0,0],"7":[0,0],"8":[0,0],"9":[0,0]},"hash":"269f3ca1337e4b98d7e7bb236c2a5e56f52fef2d"}
,"C:\\tfs\\git\\payment-backoffice-ui\\src\\saga.js": {"path":"C:\\tfs\\git\\payment-backoffice-ui\\src\\saga.js","statementMap":{"0":{"start":{"line":7,"column":2},"end":{"line":7,"column":38}}},"fnMap":{"0":{"name":"rootSaga","decl":{"start":{"line":6,"column":25},"end":{"line":6,"column":33}},"loc":{"start":{"line":6,"column":36},"end":{"line":8,"column":1}},"line":6}},"branchMap":{},"s":{"0":0},"f":{"0":0},"b":{},"hash":"a24a5b3c63387ad36eb5021c86bd8040fdea8fb4"}
,"C:\\tfs\\git\\payment-backoffice-ui\\src\\App\\App.js": {"path":"C:\\tfs\\git\\payment-backoffice-ui\\src\\App\\App.js","statementMap":{"0":{"start":{"line":7,"column":11},"end":{"line":16,"column":3}},"1":{"start":{"line":8,"column":4},"end":{"line":15,"column":20}}},"fnMap":{"0":{"name":"(anonymous_0)","decl":{"start":{"line":7,"column":11},"end":{"line":7,"column":12}},"loc":{"start":{"line":8,"column":4},"end":{"line":15,"column":20}},"line":8}},"branchMap":{},"s":{"0":0,"1":0},"f":{"0":0},"b":{},"hash":"3495a43df782198459a1365a3705eec364a176b2"}
,"C:\\tfs\\git\\payment-backoffice-ui\\src\\ConnectedCustomersList\\index.js": {"path":"C:\\tfs\\git\\payment-backoffice-ui\\src\\ConnectedCustomersList\\index.js","statementMap":{"0":{"start":{"line":8,"column":24},"end":{"line":8,"column":79}},"1":{"start":{"line":8,"column":34},"end":{"line":8,"column":78}},"2":{"start":{"line":10,"column":27},"end":{"line":11,"column":60}},"3":{"start":{"line":11,"column":4},"end":{"line":11,"column":60}}},"fnMap":{"0":{"name":"(anonymous_0)","decl":{"start":{"line":8,"column":24},"end":{"line":8,"column":25}},"loc":{"start":{"line":8,"column":34},"end":{"line":8,"column":78}},"line":8},"1":{"name":"(anonymous_1)","decl":{"start":{"line":10,"column":27},"end":{"line":10,"column":28}},"loc":{"start":{"line":11,"column":4},"end":{"line":11,"column":60}},"line":11}},"branchMap":{},"s":{"0":0,"1":0,"2":0,"3":0},"f":{"0":0,"1":0},"b":{},"hash":"258a7897f071caf38a1bd07e52d3103a135afbed"}
,"C:\\tfs\\git\\payment-backoffice-ui\\src\\ConnectedCustomersList\\saga.js": {"path":"C:\\tfs\\git\\payment-backoffice-ui\\src\\ConnectedCustomersList\\saga.js","statementMap":{"0":{"start":{"line":8,"column":2},"end":{"line":22,"column":3}},"1":{"start":{"line":10,"column":17},"end":{"line":14,"column":34}},"2":{"start":{"line":16,"column":4},"end":{"line":18,"column":5}},"3":{"start":{"line":17,"column":6},"end":{"line":17,"column":46}},"4":{"start":{"line":21,"column":4},"end":{"line":21,"column":55}},"5":{"start":{"line":27,"column":2},"end":{"line":27,"column":64}}},"fnMap":{"0":{"name":"getCustomerData","decl":{"start":{"line":7,"column":18},"end":{"line":7,"column":36}},"loc":{"start":{"line":7,"column":45},"end":{"line":23,"column":1}},"line":7},"1":{"name":"mySagaGetCustomer","decl":{"start":{"line":25,"column":25},"end":{"line":25,"column":45}},"loc":{"start":{"line":25,"column":48},"end":{"line":28,"column":1}},"line":25}},"branchMap":{"0":{"loc":{"start":{"line":16,"column":4},"end":{"line":18,"column":5}},"type":"if","locations":[{"start":{"line":16,"column":4},"end":{"line":18,"column":5}},{"start":{"line":16,"column":4},"end":{"line":18,"column":5}}],"line":16}},"s":{"0":0,"1":0,"2":0,"3":0,"4":0,"5":0},"f":{"0":0,"1":0},"b":{"0":[0,0]},"hash":"b7679a6216811658772427b0a4fa64dfb88b7df4"}
,"C:\\tfs\\git\\payment-backoffice-ui\\src\\ConnectedCustomersList\\Redux\\actions.js": {"path":"C:\\tfs\\git\\payment-backoffice-ui\\src\\ConnectedCustomersList\\Redux\\actions.js","statementMap":{"0":{"start":{"line":1,"column":40},"end":{"line":1,"column":66}},"1":{"start":{"line":2,"column":40},"end":{"line":2,"column":66}},"2":{"start":{"line":4,"column":38},"end":{"line":11,"column":4}},"3":{"start":{"line":4,"column":77},"end":{"line":11,"column":3}},"4":{"start":{"line":12,"column":38},"end":{"line":12,"column":112}},"5":{"start":{"line":12,"column":59},"end":{"line":12,"column":111}}},"fnMap":{"0":{"name":"(anonymous_0)","decl":{"start":{"line":4,"column":38},"end":{"line":4,"column":39}},"loc":{"start":{"line":4,"column":77},"end":{"line":11,"column":3}},"line":4},"1":{"name":"(anonymous_1)","decl":{"start":{"line":12,"column":38},"end":{"line":12,"column":39}},"loc":{"start":{"line":12,"column":59},"end":{"line":12,"column":111}},"line":12}},"branchMap":{},"s":{"0":0,"1":0,"2":0,"3":0,"4":0,"5":0},"f":{"0":0,"1":0},"b":{},"hash":"2d5b26459fa6ba406b3bdcf950bc2486b2b5590f"}
,"C:\\tfs\\git\\payment-backoffice-ui\\src\\ConnectedCustomersList\\Redux\\reducers.js": {"path":"C:\\tfs\\git\\payment-backoffice-ui\\src\\ConnectedCustomersList\\Redux\\reducers.js","statementMap":{"0":{"start":{"line":5,"column":2},"end":{"line":10,"column":3}},"1":{"start":{"line":7,"column":6},"end":{"line":7,"column":30}},"2":{"start":{"line":9,"column":6},"end":{"line":9,"column":19}}},"fnMap":{"0":{"name":"(anonymous_0)","decl":{"start":{"line":4,"column":15},"end":{"line":4,"column":16}},"loc":{"start":{"line":4,"column":59},"end":{"line":11,"column":1}},"line":4}},"branchMap":{"0":{"loc":{"start":{"line":4,"column":16},"end":{"line":4,"column":26}},"type":"default-arg","locations":[{"start":{"line":4,"column":24},"end":{"line":4,"column":26}}],"line":4},"1":{"loc":{"start":{"line":5,"column":2},"end":{"line":10,"column":3}},"type":"switch","locations":[{"start":{"line":6,"column":4},"end":{"line":7,"column":30}},{"start":{"line":8,"column":4},"end":{"line":9,"column":19}}],"line":5}},"s":{"0":0,"1":0,"2":0},"f":{"0":0},"b":{"0":[0],"1":[0,0]},"hash":"1ea17e196496587abb187ff1fe5f3057e6b0b1b2"}
,"C:\\tfs\\git\\payment-backoffice-ui\\src\\CustomersList\\index.js": {"path":"C:\\tfs\\git\\payment-backoffice-ui\\src\\CustomersList\\index.js","statementMap":{"0":{"start":{"line":8,"column":4},"end":{"line":8,"column":17}},"1":{"start":{"line":10,"column":39},"end":{"line":10,"column":49}},"2":{"start":{"line":11,"column":4},"end":{"line":11,"column":46}},"3":{"start":{"line":17,"column":0},"end":{"line":17,"column":24}},"4":{"start":{"line":19,"column":4},"end":{"line":23,"column":6}},"5":{"start":{"line":27,"column":0},"end":{"line":33,"column":2}},"6":{"start":{"line":35,"column":0},"end":{"line":38,"column":2}}},"fnMap":{"0":{"name":"(anonymous_0)","decl":{"start":{"line":7,"column":2},"end":{"line":7,"column":3}},"loc":{"start":{"line":7,"column":21},"end":{"line":12,"column":3}},"line":7},"1":{"name":"(anonymous_1)","decl":{"start":{"line":14,"column":2},"end":{"line":14,"column":3}},"loc":{"start":{"line":14,"column":11},"end":{"line":24,"column":3}},"line":14}},"branchMap":{},"s":{"0":2,"1":2,"2":2,"3":2,"4":2,"5":1,"6":1},"f":{"0":2,"1":2},"b":{},"_coverageSchema":"43e27e138ebf9cfc5966b082cf9a028302ed4184","hash":"c3fe86ade4ec77c48b70c98fe5b983835dbfdc34"}
,"C:\\tfs\\git\\payment-backoffice-ui\\src\\constant\\url.js": {"path":"C:\\tfs\\git\\payment-backoffice-ui\\src\\constant\\url.js","statementMap":{"0":{"start":{"line":2,"column":38},"end":{"line":2,"column":69}}},"fnMap":{},"branchMap":{},"s":{"0":0},"f":{},"b":{},"hash":"18ce44dd73eefe2be3fd67666204f001ec191d46"}
,"C:\\tfs\\git\\payment-backoffice-ui\\src\\services\\customersApi.js": {"path":"C:\\tfs\\git\\payment-backoffice-ui\\src\\services\\customersApi.js","statementMap":{"0":{"start":{"line":4,"column":23},"end":{"line":23,"column":1}},"1":{"start":{"line":7,"column":32},"end":{"line":7,"column":105}},"2":{"start":{"line":8,"column":16},"end":{"line":8,"column":72}},"3":{"start":{"line":9,"column":16},"end":{"line":14,"column":5}},"4":{"start":{"line":16,"column":23},"end":{"line":18,"column":43}},"5":{"start":{"line":17,"column":21},"end":{"line":17,"column":31}},"6":{"start":{"line":18,"column":24},"end":{"line":18,"column":42}},"7":{"start":{"line":20,"column":6},"end":{"line":20,"column":22}}},"fnMap":{"0":{"name":"(anonymous_0)","decl":{"start":{"line":5,"column":2},"end":{"line":5,"column":3}},"loc":{"start":{"line":5,"column":63},"end":{"line":22,"column":3}},"line":5},"1":{"name":"(anonymous_1)","decl":{"start":{"line":17,"column":14},"end":{"line":17,"column":15}},"loc":{"start":{"line":17,"column":21},"end":{"line":17,"column":31}},"line":17},"2":{"name":"(anonymous_2)","decl":{"start":{"line":18,"column":15},"end":{"line":18,"column":16}},"loc":{"start":{"line":18,"column":24},"end":{"line":18,"column":42}},"line":18}},"branchMap":{},"s":{"0":0,"1":0,"2":0,"3":0,"4":0,"5":0,"6":0,"7":0},"f":{"0":0,"1":0,"2":0},"b":{},"hash":"390aad834eb60f7c04104d89937522c29e4c9a6a"}
,"C:\\tfs\\git\\payment-backoffice-ui\\src\\types\\paginationType.js": {"path":"C:\\tfs\\git\\payment-backoffice-ui\\src\\types\\paginationType.js","statementMap":{"0":{"start":{"line":3,"column":19},"end":{"line":8,"column":1}}},"fnMap":{},"branchMap":{},"s":{"0":1},"f":{},"b":{},"_coverageSchema":"43e27e138ebf9cfc5966b082cf9a028302ed4184","hash":"1d6a90c9c5b220b93507b7f863f06a4fc570c36f"}
,"C:\\tfs\\git\\payment-backoffice-ui\\src\\types\\customerDetailType.js": {"path":"C:\\tfs\\git\\payment-backoffice-ui\\src\\types\\customerDetailType.js","statementMap":{"0":{"start":{"line":3,"column":22},"end":{"line":6,"column":1}},"1":{"start":{"line":8,"column":26},"end":{"line":16,"column":1}}},"fnMap":{},"branchMap":{},"s":{"0":1,"1":1},"f":{},"b":{},"_coverageSchema":"43e27e138ebf9cfc5966b082cf9a028302ed4184","hash":"8699c9947f8051526cc30519f95cf8438a716245"}
,"C:\\tfs\\git\\payment-backoffice-ui\\src\\types\\customersListType.js": {"path":"C:\\tfs\\git\\payment-backoffice-ui\\src\\types\\customersListType.js","statementMap":{"0":{"start":{"line":6,"column":29},"end":{"line":9,"column":1}}},"fnMap":{},"branchMap":{},"s":{"0":1},"f":{},"b":{},"_coverageSchema":"43e27e138ebf9cfc5966b082cf9a028302ed4184","hash":"749b182b2a4ed4887d82bd3bb67202bd5e3eebbc"}
}
