TN:
SF:C:\tfs\git\payment-backoffice-ui\src\configureStore.js
FN:8,(anonymous_0)
FN:13,(anonymous_1)
FNF:2
FNH:0
FNDA:0,(anonymous_0)
FNDA:0,(anonymous_1)
DA:7,0
DA:8,0
DA:10,0
DA:11,0
DA:13,0
DA:16,0
DA:17,0
DA:18,0
LF:8
LH:0
BRDA:13,0,0,0
BRDA:13,0,1,0
BRF:2
BRH:0
end_of_record
TN:
SF:C:\tfs\git\payment-backoffice-ui\src\index.js
FNF:0
FNH:0
DA:9,0
DA:10,0
DA:17,0
LF:3
LH:0
BRF:0
BRH:0
end_of_record
TN:
SF:C:\tfs\git\payment-backoffice-ui\src\reducer.js
FNF:0
FNH:0
LF:0
LH:0
BRF:0
BRH:0
end_of_record
TN:
SF:C:\tfs\git\payment-backoffice-ui\src\registerServiceWorker.js
FN:19,registerValidSW
FN:22,(anonymous_1)
FN:24,(anonymous_2)
FN:26,(anonymous_3)
FN:54,checkValidServiceWorker
FN:57,(anonymous_5)
FN:61,(anonymous_6)
FN:62,(anonymous_7)
FN:77,register
FN:88,(anonymous_9)
FN:97,(anonymous_10)
FN:112,unregister
FN:114,(anonymous_12)
FNF:13
FNH:0
FNDA:0,registerValidSW
FNDA:0,(anonymous_1)
FNDA:0,(anonymous_2)
FNDA:0,(anonymous_3)
FNDA:0,checkValidServiceWorker
FNDA:0,(anonymous_5)
FNDA:0,(anonymous_6)
FNDA:0,(anonymous_7)
FNDA:0,register
FNDA:0,(anonymous_9)
FNDA:0,(anonymous_10)
FNDA:0,unregister
FNDA:0,(anonymous_12)
DA:11,0
DA:20,0
DA:24,0
DA:25,0
DA:26,0
DA:27,0
DA:28,0
DA:56,0
DA:59,0
DA:61,0
DA:62,0
DA:63,0
DA:68,0
DA:78,0
DA:80,0
DA:81,0
DA:85,0
DA:88,0
DA:89,0
DA:91,0
DA:93,0
DA:97,0
DA:106,0
DA:113,0
DA:114,0
DA:115,0
LF:26
LH:0
BRDA:12,0,0,0
BRDA:12,0,1,0
BRDA:12,0,2,0
BRDA:27,1,0,0
BRDA:27,1,1,0
BRDA:28,2,0,0
BRDA:28,2,1,0
BRDA:59,3,0,0
BRDA:59,3,1,0
BRDA:59,4,0,0
BRDA:59,4,1,0
BRDA:78,5,0,0
BRDA:78,5,1,0
BRDA:78,6,0,0
BRDA:78,6,1,0
BRDA:81,7,0,0
BRDA:81,7,1,0
BRDA:91,8,0,0
BRDA:91,8,1,0
BRDA:113,9,0,0
BRDA:113,9,1,0
BRF:21
BRH:0
end_of_record
TN:
SF:C:\tfs\git\payment-backoffice-ui\src\saga.js
FN:6,rootSaga
FNF:1
FNH:0
FNDA:0,rootSaga
DA:7,0
LF:1
LH:0
BRF:0
BRH:0
end_of_record
TN:
SF:C:\tfs\git\payment-backoffice-ui\src\App\App.js
FN:7,(anonymous_0)
FNF:1
FNH:0
FNDA:0,(anonymous_0)
DA:7,0
DA:8,0
LF:2
LH:0
BRF:0
BRH:0
end_of_record
TN:
SF:C:\tfs\git\payment-backoffice-ui\src\ConnectedCustomersList\index.js
FN:8,(anonymous_0)
FN:10,(anonymous_1)
FNF:2
FNH:0
FNDA:0,(anonymous_0)
FNDA:0,(anonymous_1)
DA:8,0
DA:10,0
DA:11,0
LF:3
LH:0
BRF:0
BRH:0
end_of_record
TN:
SF:C:\tfs\git\payment-backoffice-ui\src\ConnectedCustomersList\saga.js
FN:7,getCustomerData
FN:25,mySagaGetCustomer
FNF:2
FNH:0
FNDA:0,getCustomerData
FNDA:0,mySagaGetCustomer
DA:8,0
DA:10,0
DA:16,0
DA:17,0
DA:21,0
DA:27,0
LF:6
LH:0
BRDA:16,0,0,0
BRDA:16,0,1,0
BRF:2
BRH:0
end_of_record
TN:
SF:C:\tfs\git\payment-backoffice-ui\src\ConnectedCustomersList\Redux\actions.js
FN:4,(anonymous_0)
FN:12,(anonymous_1)
FNF:2
FNH:0
FNDA:0,(anonymous_0)
FNDA:0,(anonymous_1)
DA:1,0
DA:2,0
DA:4,0
DA:12,0
LF:4
LH:0
BRF:0
BRH:0
end_of_record
TN:
SF:C:\tfs\git\payment-backoffice-ui\src\ConnectedCustomersList\Redux\reducers.js
FN:4,(anonymous_0)
FNF:1
FNH:0
FNDA:0,(anonymous_0)
DA:5,0
DA:7,0
DA:9,0
LF:3
LH:0
BRDA:4,0,0,0
BRDA:5,1,0,0
BRDA:5,1,1,0
BRF:3
BRH:0
end_of_record
TN:
SF:C:\tfs\git\payment-backoffice-ui\src\CustomersList\index.js
FN:7,(anonymous_0)
FN:14,(anonymous_1)
FNF:2
FNH:2
FNDA:2,(anonymous_0)
FNDA:2,(anonymous_1)
DA:8,2
DA:10,2
DA:11,2
DA:17,2
DA:19,2
DA:27,1
DA:35,1
LF:7
LH:7
BRF:0
BRH:0
end_of_record
TN:
SF:C:\tfs\git\payment-backoffice-ui\src\constant\url.js
FNF:0
FNH:0
DA:2,0
LF:1
LH:0
BRF:0
BRH:0
end_of_record
TN:
SF:C:\tfs\git\payment-backoffice-ui\src\services\customersApi.js
FN:5,(anonymous_0)
FN:17,(anonymous_1)
FN:18,(anonymous_2)
FNF:3
FNH:0
FNDA:0,(anonymous_0)
FNDA:0,(anonymous_1)
FNDA:0,(anonymous_2)
DA:4,0
DA:7,0
DA:8,0
DA:9,0
DA:16,0
DA:17,0
DA:18,0
DA:20,0
LF:8
LH:0
BRF:0
BRH:0
end_of_record
TN:
SF:C:\tfs\git\payment-backoffice-ui\src\types\paginationType.js
FNF:0
FNH:0
DA:3,1
LF:1
LH:1
BRF:0
BRH:0
end_of_record
TN:
SF:C:\tfs\git\payment-backoffice-ui\src\types\customerDetailType.js
FNF:0
FNH:0
DA:3,1
DA:8,1
LF:2
LH:2
BRF:0
BRH:0
end_of_record
TN:
SF:C:\tfs\git\payment-backoffice-ui\src\types\customersListType.js
FNF:0
FNH:0
DA:6,1
LF:1
LH:1
BRF:0
BRH:0
end_of_record
